<?xml version="1.0" encoding="UTF-8"?>
<!-- Generated by org.testng.reporters.JUnitXMLReporter -->
<testsuite ignored="0" hostname="ROSE-JACOB" failures="0" tests="3" name="Default test" time="39.662" errors="0" timestamp="2022-04-26T13:06:25 IST">
  <testcase classname="Testng.url_verify" name="urlverification" time="0.038"/>
  <testcase classname="Testng.url_verify" name="showmsg" time="15.079"/>
  <testcase classname="Testng.url_verify" name="addition" time="6.495"/>
</testsuite> <!-- Default test -->
