<?xml version="1.0" encoding="UTF-8"?>
<!-- Generated by org.testng.reporters.JUnitXMLReporter -->
<testsuite ignored="1" hostname="ROSE-JACOB" failures="0" tests="4" name="Test" time="39.725" errors="0" timestamp="2022-05-05T08:02:09 IST">
  <testcase classname="Testng.url_verify" name="urlverification" time="0.049"/>
  <testcase classname="Testng.url_verify" name="showmsg" time="7.898"/>
  <testcase classname="Testng.url_verify" name="showmsg" time="7.831"/>
  <testcase classname="Testng.url_verify" name="showmsg" time="7.57"/>
  <testcase classname="Testng.url_verify" name="addition" time="0.0">
    <ignored/>
  </testcase> <!-- addition -->
</testsuite> <!-- Test -->
