<?xml version="1.0" encoding="UTF-8"?>
<!-- Generated by org.testng.reporters.JUnitXMLReporter -->
<testsuite ignored="0" hostname="ROSE-JACOB" failures="0" tests="5" name="Test" time="59.464" errors="0" timestamp="2022-04-26T13:49:39 IST">
  <testcase classname="Testng.url_verify" name="urlverification" time="0.037"/>
  <testcase classname="Testng.url_verify" name="showmsg" time="10.804"/>
  <testcase classname="Testng.url_verify" name="addition" time="6.471"/>
  <testcase classname="Testng.Alert" name="f" time="11.171"/>
  <testcase classname="Testng.Alert" name="test2" time="12.419"/>
</testsuite> <!-- Test -->
