<?xml version="1.0" encoding="UTF-8"?>
<testng-results ignored="1" total="5" passed="4" failed="0" skipped="0">
  <reporter-output>
  </reporter-output>
  <suite started-at="2022-05-05T08:01:29 IST" name="Suite" finished-at="2022-05-05T08:02:09 IST" duration-ms="39725">
    <groups>
    </groups>
    <test started-at="2022-05-05T08:01:29 IST" name="Test" finished-at="2022-05-05T08:02:09 IST" duration-ms="39725">
      <class name="Testng.url_verify">
        <test-method is-config="true" signature="beforeTest(java.lang.String,java.lang.String)[pri:0, instance:Testng.url_verify@6b927fb]" started-at="2022-05-05T08:01:29 IST" name="beforeTest" finished-at="2022-05-05T08:01:45 IST" duration-ms="16295" status="PASS">
          <params>
            <param index="0">
              <value>
                <![CDATA[chrome]]>
              </value>
            </param>
            <param index="1">
              <value>
                <![CDATA[https://selenium.obsqurazone.com/index.php]]>
              </value>
            </param>
          </params>
          <reporter-output>
          </reporter-output>
        </test-method> <!-- beforeTest -->
        <test-method signature="urlverification()[pri:1, instance:Testng.url_verify@6b927fb]" started-at="2022-05-05T08:01:45 IST" name="urlverification" finished-at="2022-05-05T08:01:45 IST" duration-ms="49" status="PASS">
          <reporter-output>
          </reporter-output>
        </test-method> <!-- urlverification -->
        <test-method signature="showmsg(java.lang.Integer,java.lang.String)[pri:2, instance:Testng.url_verify@6b927fb]" started-at="2022-05-05T08:01:45 IST" name="showmsg" data-provider="sendvalues" finished-at="2022-05-05T08:01:53 IST" duration-ms="7898" status="PASS">
          <params>
            <param index="0">
              <value>
                <![CDATA[1]]>
              </value>
            </param>
            <param index="1">
              <value>
                <![CDATA[Hello]]>
              </value>
            </param>
          </params>
          <reporter-output>
          </reporter-output>
        </test-method> <!-- showmsg -->
        <test-method signature="showmsg(java.lang.Integer,java.lang.String)[pri:2, instance:Testng.url_verify@6b927fb]" started-at="2022-05-05T08:01:53 IST" name="showmsg" data-provider="sendvalues" finished-at="2022-05-05T08:02:01 IST" duration-ms="7831" status="PASS">
          <params>
            <param index="0">
              <value>
                <![CDATA[2]]>
              </value>
            </param>
            <param index="1">
              <value>
                <![CDATA[Test]]>
              </value>
            </param>
          </params>
          <reporter-output>
          </reporter-output>
        </test-method> <!-- showmsg -->
        <test-method signature="showmsg(java.lang.Integer,java.lang.String)[pri:2, instance:Testng.url_verify@6b927fb]" started-at="2022-05-05T08:02:01 IST" name="showmsg" data-provider="sendvalues" finished-at="2022-05-05T08:02:09 IST" duration-ms="7570" status="PASS">
          <params>
            <param index="0">
              <value>
                <![CDATA[3]]>
              </value>
            </param>
            <param index="1">
              <value>
                <![CDATA[ABC]]>
              </value>
            </param>
          </params>
          <reporter-output>
          </reporter-output>
        </test-method> <!-- showmsg -->
      </class> <!-- Testng.url_verify -->
    </test> <!-- Test -->
  </suite> <!-- Suite -->
</testng-results>
