<?xml version="1.0" encoding="UTF-8"?>
<testng-results ignored="1" total="2" passed="1" failed="0" skipped="0">
  <reporter-output>
  </reporter-output>
  <suite started-at="2022-04-20T15:13:46 IST" name="Default suite" finished-at="2022-04-20T15:14:57 IST" duration-ms="70557">
    <groups>
    </groups>
    <test started-at="2022-04-20T15:13:46 IST" name="Default test" finished-at="2022-04-20T15:14:57 IST" duration-ms="70557">
      <class name="Testng.Actionstestcase">
        <test-method is-config="true" signature="beforeTest()[pri:0, instance:Testng.Actionstestcase@63355449]" started-at="2022-04-20T15:13:46 IST" name="beforeTest" finished-at="2022-04-20T15:13:55 IST" duration-ms="9349" status="PASS">
          <reporter-output>
          </reporter-output>
        </test-method> <!-- beforeTest -->
        <test-method signature="dragdrop()[pri:1, instance:Testng.Actionstestcase@63355449]" started-at="2022-04-20T15:13:55 IST" name="dragdrop" finished-at="2022-04-20T15:14:56 IST" duration-ms="60694" status="PASS">
          <reporter-output>
          </reporter-output>
        </test-method> <!-- dragdrop -->
        <test-method is-config="true" signature="afterTest()[pri:0, instance:Testng.Actionstestcase@63355449]" started-at="2022-04-20T15:14:56 IST" name="afterTest" finished-at="2022-04-20T15:14:57 IST" duration-ms="402" status="PASS">
          <reporter-output>
          </reporter-output>
        </test-method> <!-- afterTest -->
      </class> <!-- Testng.Actionstestcase -->
    </test> <!-- Default test -->
  </suite> <!-- Default suite -->
</testng-results>
